[2024-03-18 15:54:52] local.ERROR: Cannot use Illuminate\Support\Facades\Route as Route because the name is already in use {"exception":"[object] (Symfony\\Component\\ErrorHandler\\Error\\FatalError(code: 0): Cannot use Illuminate\\Support\\Facades\\Route as Route because the name is already in use at C:\\Penyimpanan Utama\\Documnets\\Laravel\\projek-01\\routes\\web.php:6)
[stacktrace]
#0 {main}
"} 
[2024-03-18 15:59:29] local.ERROR: syntax error, unexpected identifier "Eka", expecting ")" {"exception":"[object] (ParseError(code: 0): syntax error, unexpected identifier \"Eka\", expecting \")\" at C:\\Penyimpanan Utama\\Documnets\\Laravel\\projek-01\\routes\\web.php:41)
[stacktrace]
#0 C:\\Penyimpanan Utama\\Documnets\\Laravel\\projek-01\\vendor\\laravel\\framework\\src\\Illuminate\\Routing\\Router.php(511): Illuminate\\Routing\\RouteFileRegistrar->register('C:\\\\Penyimpanan ...')
#1 C:\\Penyimpanan Utama\\Documnets\\Laravel\\projek-01\\vendor\\laravel\\framework\\src\\Illuminate\\Routing\\Router.php(465): Illuminate\\Routing\\Router->loadRoutes('C:\\\\Penyimpanan ...')
#2 C:\\Penyimpanan Utama\\Documnets\\Laravel\\projek-01\\vendor\\laravel\\framework\\src\\Illuminate\\Routing\\RouteRegistrar.php(194): Illuminate\\Routing\\Router->group(Array, 'C:\\\\Penyimpanan ...')
#3 C:\\Penyimpanan Utama\\Documnets\\Laravel\\projek-01\\app\\Providers\\RouteServiceProvider.php(35): Illuminate\\Routing\\RouteRegistrar->group('C:\\\\Penyimpanan ...')
#4 C:\\Penyimpanan Utama\\Documnets\\Laravel\\projek-01\\vendor\\laravel\\framework\\src\\Illuminate\\Container\\BoundMethod.php(36): App\\Providers\\RouteServiceProvider->App\\Providers\\{closure}()
#5 C:\\Penyimpanan Utama\\Documnets\\Laravel\\projek-01\\vendor\\laravel\\framework\\src\\Illuminate\\Container\\Util.php(41): Illuminate\\Container\\BoundMethod::Illuminate\\Container\\{closure}()
#6 C:\\Penyimpanan Utama\\Documnets\\Laravel\\projek-01\\vendor\\laravel\\framework\\src\\Illuminate\\Container\\BoundMethod.php(81): Illuminate\\Container\\Util::unwrapIfClosure(Object(Closure))
#7 C:\\Penyimpanan Utama\\Documnets\\Laravel\\projek-01\\vendor\\laravel\\framework\\src\\Illuminate\\Container\\BoundMethod.php(35): Illuminate\\Container\\BoundMethod::callBoundMethod(Object(Illuminate\\Foundation\\Application), Object(Closure), Object(Closure))
#8 C:\\Penyimpanan Utama\\Documnets\\Laravel\\projek-01\\vendor\\laravel\\framework\\src\\Illuminate\\Container\\Container.php(662): Illuminate\\Container\\BoundMethod::call(Object(Illuminate\\Foundation\\Application), Object(Closure), Array, NULL)
#9 C:\\Penyimpanan Utama\\Documnets\\Laravel\\projek-01\\vendor\\laravel\\framework\\src\\Illuminate\\Foundation\\Support\\Providers\\RouteServiceProvider.php(120): Illuminate\\Container\\Container->call(Object(Closure))
#10 C:\\Penyimpanan Utama\\Documnets\\Laravel\\projek-01\\vendor\\laravel\\framework\\src\\Illuminate\\Foundation\\Support\\Providers\\RouteServiceProvider.php(45): Illuminate\\Foundation\\Support\\Providers\\RouteServiceProvider->loadRoutes()
#11 C:\\Penyimpanan Utama\\Documnets\\Laravel\\projek-01\\vendor\\laravel\\framework\\src\\Illuminate\\Container\\BoundMethod.php(36): Illuminate\\Foundation\\Support\\Providers\\RouteServiceProvider->Illuminate\\Foundation\\Support\\Providers\\{closure}()
#12 C:\\Penyimpanan Utama\\Documnets\\Laravel\\projek-01\\vendor\\laravel\\framework\\src\\Illuminate\\Container\\Util.php(41): Illuminate\\Container\\BoundMethod::Illuminate\\Container\\{closure}()
#13 C:\\Penyimpanan Utama\\Documnets\\Laravel\\projek-01\\vendor\\laravel\\framework\\src\\Illuminate\\Container\\BoundMethod.php(81): Illuminate\\Container\\Util::unwrapIfClosure(Object(Closure))
#14 C:\\Penyimpanan Utama\\Documnets\\Laravel\\projek-01\\vendor\\laravel\\framework\\src\\Illuminate\\Container\\BoundMethod.php(35): Illuminate\\Container\\BoundMethod::callBoundMethod(Object(Illuminate\\Foundation\\Application), Object(Closure), Object(Closure))
#15 C:\\Penyimpanan Utama\\Documnets\\Laravel\\projek-01\\vendor\\laravel\\framework\\src\\Illuminate\\Container\\Container.php(662): Illuminate\\Container\\BoundMethod::call(Object(Illuminate\\Foundation\\Application), Object(Closure), Array, NULL)
#16 C:\\Penyimpanan Utama\\Documnets\\Laravel\\projek-01\\vendor\\laravel\\framework\\src\\Illuminate\\Support\\ServiceProvider.php(119): Illuminate\\Container\\Container->call(Object(Closure))
#17 C:\\Penyimpanan Utama\\Documnets\\Laravel\\projek-01\\vendor\\laravel\\framework\\src\\Illuminate\\Foundation\\Application.php(1033): Illuminate\\Support\\ServiceProvider->callBootedCallbacks()
#18 C:\\Penyimpanan Utama\\Documnets\\Laravel\\projek-01\\vendor\\laravel\\framework\\src\\Illuminate\\Foundation\\Application.php(1011): Illuminate\\Foundation\\Application->bootProvider(Object(App\\Providers\\RouteServiceProvider))
#19 [internal function]: Illuminate\\Foundation\\Application->Illuminate\\Foundation\\{closure}(Object(App\\Providers\\RouteServiceProvider), 24)
#20 C:\\Penyimpanan Utama\\Documnets\\Laravel\\projek-01\\vendor\\laravel\\framework\\src\\Illuminate\\Foundation\\Application.php(1010): array_walk(Array, Object(Closure))
#21 C:\\Penyimpanan Utama\\Documnets\\Laravel\\projek-01\\vendor\\laravel\\framework\\src\\Illuminate\\Foundation\\Bootstrap\\BootProviders.php(17): Illuminate\\Foundation\\Application->boot()
#22 C:\\Penyimpanan Utama\\Documnets\\Laravel\\projek-01\\vendor\\laravel\\framework\\src\\Illuminate\\Foundation\\Application.php(263): Illuminate\\Foundation\\Bootstrap\\BootProviders->bootstrap(Object(Illuminate\\Foundation\\Application))
#23 C:\\Penyimpanan Utama\\Documnets\\Laravel\\projek-01\\vendor\\laravel\\framework\\src\\Illuminate\\Foundation\\Http\\Kernel.php(186): Illuminate\\Foundation\\Application->bootstrapWith(Array)
#24 C:\\Penyimpanan Utama\\Documnets\\Laravel\\projek-01\\vendor\\laravel\\framework\\src\\Illuminate\\Foundation\\Http\\Kernel.php(170): Illuminate\\Foundation\\Http\\Kernel->bootstrap()
#25 C:\\Penyimpanan Utama\\Documnets\\Laravel\\projek-01\\vendor\\laravel\\framework\\src\\Illuminate\\Foundation\\Http\\Kernel.php(144): Illuminate\\Foundation\\Http\\Kernel->sendRequestThroughRouter(Object(Illuminate\\Http\\Request))
#26 C:\\Penyimpanan Utama\\Documnets\\Laravel\\projek-01\\public\\index.php(51): Illuminate\\Foundation\\Http\\Kernel->handle(Object(Illuminate\\Http\\Request))
#27 C:\\Penyimpanan Utama\\Documnets\\Laravel\\projek-01\\vendor\\laravel\\framework\\src\\Illuminate\\Foundation\\resources\\server.php(16): require_once('C:\\\\Penyimpanan ...')
#28 {main}
"} 
[2024-03-18 15:59:33] local.ERROR: syntax error, unexpected identifier "Eka", expecting ")" {"exception":"[object] (ParseError(code: 0): syntax error, unexpected identifier \"Eka\", expecting \")\" at C:\\Penyimpanan Utama\\Documnets\\Laravel\\projek-01\\routes\\web.php:41)
[stacktrace]
#0 C:\\Penyimpanan Utama\\Documnets\\Laravel\\projek-01\\vendor\\laravel\\framework\\src\\Illuminate\\Routing\\Router.php(511): Illuminate\\Routing\\RouteFileRegistrar->register('C:\\\\Penyimpanan ...')
#1 C:\\Penyimpanan Utama\\Documnets\\Laravel\\projek-01\\vendor\\laravel\\framework\\src\\Illuminate\\Routing\\Router.php(465): Illuminate\\Routing\\Router->loadRoutes('C:\\\\Penyimpanan ...')
#2 C:\\Penyimpanan Utama\\Documnets\\Laravel\\projek-01\\vendor\\laravel\\framework\\src\\Illuminate\\Routing\\RouteRegistrar.php(194): Illuminate\\Routing\\Router->group(Array, 'C:\\\\Penyimpanan ...')
#3 C:\\Penyimpanan Utama\\Documnets\\Laravel\\projek-01\\app\\Providers\\RouteServiceProvider.php(35): Illuminate\\Routing\\RouteRegistrar->group('C:\\\\Penyimpanan ...')
#4 C:\\Penyimpanan Utama\\Documnets\\Laravel\\projek-01\\vendor\\laravel\\framework\\src\\Illuminate\\Container\\BoundMethod.php(36): App\\Providers\\RouteServiceProvider->App\\Providers\\{closure}()
#5 C:\\Penyimpanan Utama\\Documnets\\Laravel\\projek-01\\vendor\\laravel\\framework\\src\\Illuminate\\Container\\Util.php(41): Illuminate\\Container\\BoundMethod::Illuminate\\Container\\{closure}()
#6 C:\\Penyimpanan Utama\\Documnets\\Laravel\\projek-01\\vendor\\laravel\\framework\\src\\Illuminate\\Container\\BoundMethod.php(81): Illuminate\\Container\\Util::unwrapIfClosure(Object(Closure))
#7 C:\\Penyimpanan Utama\\Documnets\\Laravel\\projek-01\\vendor\\laravel\\framework\\src\\Illuminate\\Container\\BoundMethod.php(35): Illuminate\\Container\\BoundMethod::callBoundMethod(Object(Illuminate\\Foundation\\Application), Object(Closure), Object(Closure))
#8 C:\\Penyimpanan Utama\\Documnets\\Laravel\\projek-01\\vendor\\laravel\\framework\\src\\Illuminate\\Container\\Container.php(662): Illuminate\\Container\\BoundMethod::call(Object(Illuminate\\Foundation\\Application), Object(Closure), Array, NULL)
#9 C:\\Penyimpanan Utama\\Documnets\\Laravel\\projek-01\\vendor\\laravel\\framework\\src\\Illuminate\\Foundation\\Support\\Providers\\RouteServiceProvider.php(120): Illuminate\\Container\\Container->call(Object(Closure))
#10 C:\\Penyimpanan Utama\\Documnets\\Laravel\\projek-01\\vendor\\laravel\\framework\\src\\Illuminate\\Foundation\\Support\\Providers\\RouteServiceProvider.php(45): Illuminate\\Foundation\\Support\\Providers\\RouteServiceProvider->loadRoutes()
#11 C:\\Penyimpanan Utama\\Documnets\\Laravel\\projek-01\\vendor\\laravel\\framework\\src\\Illuminate\\Container\\BoundMethod.php(36): Illuminate\\Foundation\\Support\\Providers\\RouteServiceProvider->Illuminate\\Foundation\\Support\\Providers\\{closure}()
#12 C:\\Penyimpanan Utama\\Documnets\\Laravel\\projek-01\\vendor\\laravel\\framework\\src\\Illuminate\\Container\\Util.php(41): Illuminate\\Container\\BoundMethod::Illuminate\\Container\\{closure}()
#13 C:\\Penyimpanan Utama\\Documnets\\Laravel\\projek-01\\vendor\\laravel\\framework\\src\\Illuminate\\Container\\BoundMethod.php(81): Illuminate\\Container\\Util::unwrapIfClosure(Object(Closure))
#14 C:\\Penyimpanan Utama\\Documnets\\Laravel\\projek-01\\vendor\\laravel\\framework\\src\\Illuminate\\Container\\BoundMethod.php(35): Illuminate\\Container\\BoundMethod::callBoundMethod(Object(Illuminate\\Foundation\\Application), Object(Closure), Object(Closure))
#15 C:\\Penyimpanan Utama\\Documnets\\Laravel\\projek-01\\vendor\\laravel\\framework\\src\\Illuminate\\Container\\Container.php(662): Illuminate\\Container\\BoundMethod::call(Object(Illuminate\\Foundation\\Application), Object(Closure), Array, NULL)
#16 C:\\Penyimpanan Utama\\Documnets\\Laravel\\projek-01\\vendor\\laravel\\framework\\src\\Illuminate\\Support\\ServiceProvider.php(119): Illuminate\\Container\\Container->call(Object(Closure))
#17 C:\\Penyimpanan Utama\\Documnets\\Laravel\\projek-01\\vendor\\laravel\\framework\\src\\Illuminate\\Foundation\\Application.php(1033): Illuminate\\Support\\ServiceProvider->callBootedCallbacks()
#18 C:\\Penyimpanan Utama\\Documnets\\Laravel\\projek-01\\vendor\\laravel\\framework\\src\\Illuminate\\Foundation\\Application.php(1011): Illuminate\\Foundation\\Application->bootProvider(Object(App\\Providers\\RouteServiceProvider))
#19 [internal function]: Illuminate\\Foundation\\Application->Illuminate\\Foundation\\{closure}(Object(App\\Providers\\RouteServiceProvider), 24)
#20 C:\\Penyimpanan Utama\\Documnets\\Laravel\\projek-01\\vendor\\laravel\\framework\\src\\Illuminate\\Foundation\\Application.php(1010): array_walk(Array, Object(Closure))
#21 C:\\Penyimpanan Utama\\Documnets\\Laravel\\projek-01\\vendor\\laravel\\framework\\src\\Illuminate\\Foundation\\Bootstrap\\BootProviders.php(17): Illuminate\\Foundation\\Application->boot()
#22 C:\\Penyimpanan Utama\\Documnets\\Laravel\\projek-01\\vendor\\laravel\\framework\\src\\Illuminate\\Foundation\\Application.php(263): Illuminate\\Foundation\\Bootstrap\\BootProviders->bootstrap(Object(Illuminate\\Foundation\\Application))
#23 C:\\Penyimpanan Utama\\Documnets\\Laravel\\projek-01\\vendor\\laravel\\framework\\src\\Illuminate\\Foundation\\Http\\Kernel.php(186): Illuminate\\Foundation\\Application->bootstrapWith(Array)
#24 C:\\Penyimpanan Utama\\Documnets\\Laravel\\projek-01\\vendor\\laravel\\framework\\src\\Illuminate\\Foundation\\Http\\Kernel.php(170): Illuminate\\Foundation\\Http\\Kernel->bootstrap()
#25 C:\\Penyimpanan Utama\\Documnets\\Laravel\\projek-01\\vendor\\laravel\\framework\\src\\Illuminate\\Foundation\\Http\\Kernel.php(144): Illuminate\\Foundation\\Http\\Kernel->sendRequestThroughRouter(Object(Illuminate\\Http\\Request))
#26 C:\\Penyimpanan Utama\\Documnets\\Laravel\\projek-01\\public\\index.php(51): Illuminate\\Foundation\\Http\\Kernel->handle(Object(Illuminate\\Http\\Request))
#27 C:\\Penyimpanan Utama\\Documnets\\Laravel\\projek-01\\vendor\\laravel\\framework\\src\\Illuminate\\Foundation\\resources\\server.php(16): require_once('C:\\\\Penyimpanan ...')
#28 {main}
"} 
[2024-03-20 09:01:12] local.ERROR: Command "bootstrap" is not defined. {"exception":"[object] (Symfony\\Component\\Console\\Exception\\CommandNotFoundException(code: 0): Command \"bootstrap\" is not defined. at C:\\Penyimpanan Utama\\Documnets\\XAMPP\\htdocs\\Laravel\\projek-01\\vendor\\symfony\\console\\Application.php:737)
[stacktrace]
#0 C:\\Penyimpanan Utama\\Documnets\\XAMPP\\htdocs\\Laravel\\projek-01\\vendor\\symfony\\console\\Application.php(266): Symfony\\Component\\Console\\Application->find('bootstrap')
#1 C:\\Penyimpanan Utama\\Documnets\\XAMPP\\htdocs\\Laravel\\projek-01\\vendor\\symfony\\console\\Application.php(175): Symfony\\Component\\Console\\Application->doRun(Object(Symfony\\Component\\Console\\Input\\ArgvInput), Object(Symfony\\Component\\Console\\Output\\ConsoleOutput))
#2 C:\\Penyimpanan Utama\\Documnets\\XAMPP\\htdocs\\Laravel\\projek-01\\vendor\\laravel\\framework\\src\\Illuminate\\Foundation\\Console\\Kernel.php(201): Symfony\\Component\\Console\\Application->run(Object(Symfony\\Component\\Console\\Input\\ArgvInput), Object(Symfony\\Component\\Console\\Output\\ConsoleOutput))
#3 C:\\Penyimpanan Utama\\Documnets\\XAMPP\\htdocs\\Laravel\\projek-01\\artisan(35): Illuminate\\Foundation\\Console\\Kernel->handle(Object(Symfony\\Component\\Console\\Input\\ArgvInput), Object(Symfony\\Component\\Console\\Output\\ConsoleOutput))
#4 {main}
"} 
[2024-03-20 09:39:44] local.ERROR: Undefined variable $name {"view":{"view":"C:\\Penyimpanan Utama\\Documnets\\XAMPP\\htdocs\\Laravel\\projek-01\\resources\\views\\view_route.blade.php","data":{"errors":"<pre class=sf-dump id=sf-dump-867076432 data-indent-pad=\"  \"><span class=sf-dump-note>Illuminate\\Support\\ViewErrorBag</span> {<a class=sf-dump-ref>#333</a><samp data-depth=1 class=sf-dump-expanded>
  #<span class=sf-dump-protected title=\"Protected property\">bags</span>: []
</samp>}
</pre><script>Sfdump(\"sf-dump-867076432\", {\"maxDepth\":3,\"maxStringLength\":160})</script>
"}},"exception":"[object] (Spatie\\LaravelIgnition\\Exceptions\\ViewException(code: 0): Undefined variable $name at C:\\Penyimpanan Utama\\Documnets\\XAMPP\\htdocs\\Laravel\\projek-01\\resources\\views\\view_route.blade.php:13)
[stacktrace]
#0 C:\\Penyimpanan Utama\\Documnets\\XAMPP\\htdocs\\Laravel\\projek-01\\vendor\\laravel\\framework\\src\\Illuminate\\Foundation\\Bootstrap\\HandleExceptions.php(255): Illuminate\\Foundation\\Bootstrap\\HandleExceptions->handleError(2, 'Undefined varia...', 'C:\\\\Penyimpanan ...', 13)
#1 C:\\Penyimpanan Utama\\Documnets\\XAMPP\\htdocs\\Laravel\\projek-01\\resources\\views\\view_route.blade.php(13): Illuminate\\Foundation\\Bootstrap\\HandleExceptions->Illuminate\\Foundation\\Bootstrap\\{closure}(2, 'Undefined varia...', 'C:\\\\Penyimpanan ...', 13)
#2 C:\\Penyimpanan Utama\\Documnets\\XAMPP\\htdocs\\Laravel\\projek-01\\vendor\\laravel\\framework\\src\\Illuminate\\Filesystem\\Filesystem.php(123): require('C:\\\\Penyimpanan ...')
#3 C:\\Penyimpanan Utama\\Documnets\\XAMPP\\htdocs\\Laravel\\projek-01\\vendor\\laravel\\framework\\src\\Illuminate\\Filesystem\\Filesystem.php(124): Illuminate\\Filesystem\\Filesystem::Illuminate\\Filesystem\\{closure}()
#4 C:\\Penyimpanan Utama\\Documnets\\XAMPP\\htdocs\\Laravel\\projek-01\\vendor\\laravel\\framework\\src\\Illuminate\\View\\Engines\\PhpEngine.php(58): Illuminate\\Filesystem\\Filesystem->getRequire('C:\\\\Penyimpanan ...', Array)
#5 C:\\Penyimpanan Utama\\Documnets\\XAMPP\\htdocs\\Laravel\\projek-01\\vendor\\laravel\\framework\\src\\Illuminate\\View\\Engines\\CompilerEngine.php(72): Illuminate\\View\\Engines\\PhpEngine->evaluatePath('C:\\\\Penyimpanan ...', Array)
#6 C:\\Penyimpanan Utama\\Documnets\\XAMPP\\htdocs\\Laravel\\projek-01\\vendor\\laravel\\framework\\src\\Illuminate\\View\\View.php(207): Illuminate\\View\\Engines\\CompilerEngine->get('C:\\\\Penyimpanan ...', Array)
#7 C:\\Penyimpanan Utama\\Documnets\\XAMPP\\htdocs\\Laravel\\projek-01\\vendor\\laravel\\framework\\src\\Illuminate\\View\\View.php(190): Illuminate\\View\\View->getContents()
#8 C:\\Penyimpanan Utama\\Documnets\\XAMPP\\htdocs\\Laravel\\projek-01\\vendor\\laravel\\framework\\src\\Illuminate\\View\\View.php(159): Illuminate\\View\\View->renderContents()
#9 C:\\Penyimpanan Utama\\Documnets\\XAMPP\\htdocs\\Laravel\\projek-01\\vendor\\laravel\\framework\\src\\Illuminate\\Http\\Response.php(69): Illuminate\\View\\View->render()
#10 C:\\Penyimpanan Utama\\Documnets\\XAMPP\\htdocs\\Laravel\\projek-01\\vendor\\laravel\\framework\\src\\Illuminate\\Http\\Response.php(35): Illuminate\\Http\\Response->setContent(Object(Illuminate\\View\\View))
#11 C:\\Penyimpanan Utama\\Documnets\\XAMPP\\htdocs\\Laravel\\projek-01\\vendor\\laravel\\framework\\src\\Illuminate\\Routing\\ResponseFactory.php(58): Illuminate\\Http\\Response->__construct(Object(Illuminate\\View\\View), 200, Array)
#12 C:\\Penyimpanan Utama\\Documnets\\XAMPP\\htdocs\\Laravel\\projek-01\\vendor\\laravel\\framework\\src\\Illuminate\\Routing\\ResponseFactory.php(88): Illuminate\\Routing\\ResponseFactory->make(Object(Illuminate\\View\\View), 200, Array)
#13 C:\\Penyimpanan Utama\\Documnets\\XAMPP\\htdocs\\Laravel\\projek-01\\vendor\\laravel\\framework\\src\\Illuminate\\Routing\\ViewController.php(41): Illuminate\\Routing\\ResponseFactory->view('view_route', Array, 200, Array)
#14 C:\\Penyimpanan Utama\\Documnets\\XAMPP\\htdocs\\Laravel\\projek-01\\vendor\\laravel\\framework\\src\\Illuminate\\Routing\\ViewController.php(58): Illuminate\\Routing\\ViewController->__invoke(view: 'view_route', data: Array, status: 200, headers: Array)
#15 C:\\Penyimpanan Utama\\Documnets\\XAMPP\\htdocs\\Laravel\\projek-01\\vendor\\laravel\\framework\\src\\Illuminate\\Routing\\ControllerDispatcher.php(43): Illuminate\\Routing\\ViewController->callAction('__invoke', Array)
#16 C:\\Penyimpanan Utama\\Documnets\\XAMPP\\htdocs\\Laravel\\projek-01\\vendor\\laravel\\framework\\src\\Illuminate\\Routing\\Route.php(259): Illuminate\\Routing\\ControllerDispatcher->dispatch(Object(Illuminate\\Routing\\Route), Object(Illuminate\\Routing\\ViewController), '__invoke')
#17 C:\\Penyimpanan Utama\\Documnets\\XAMPP\\htdocs\\Laravel\\projek-01\\vendor\\laravel\\framework\\src\\Illuminate\\Routing\\Route.php(205): Illuminate\\Routing\\Route->runController()
#18 C:\\Penyimpanan Utama\\Documnets\\XAMPP\\htdocs\\Laravel\\projek-01\\vendor\\laravel\\framework\\src\\Illuminate\\Routing\\Router.php(806): Illuminate\\Routing\\Route->run()
#19 C:\\Penyimpanan Utama\\Documnets\\XAMPP\\htdocs\\Laravel\\projek-01\\vendor\\laravel\\framework\\src\\Illuminate\\Pipeline\\Pipeline.php(144): Illuminate\\Routing\\Router->Illuminate\\Routing\\{closure}(Object(Illuminate\\Http\\Request))
#20 C:\\Penyimpanan Utama\\Documnets\\XAMPP\\htdocs\\Laravel\\projek-01\\vendor\\laravel\\framework\\src\\Illuminate\\Routing\\Middleware\\SubstituteBindings.php(50): Illuminate\\Pipeline\\Pipeline->Illuminate\\Pipeline\\{closure}(Object(Illuminate\\Http\\Request))
#21 C:\\Penyimpanan Utama\\Documnets\\XAMPP\\htdocs\\Laravel\\projek-01\\vendor\\laravel\\framework\\src\\Illuminate\\Pipeline\\Pipeline.php(183): Illuminate\\Routing\\Middleware\\SubstituteBindings->handle(Object(Illuminate\\Http\\Request), Object(Closure))
#22 C:\\Penyimpanan Utama\\Documnets\\XAMPP\\htdocs\\Laravel\\projek-01\\vendor\\laravel\\framework\\src\\Illuminate\\Foundation\\Http\\Middleware\\VerifyCsrfToken.php(78): Illuminate\\Pipeline\\Pipeline->Illuminate\\Pipeline\\{closure}(Object(Illuminate\\Http\\Request))
#23 C:\\Penyimpanan Utama\\Documnets\\XAMPP\\htdocs\\Laravel\\projek-01\\vendor\\laravel\\framework\\src\\Illuminate\\Pipeline\\Pipeline.php(183): Illuminate\\Foundation\\Http\\Middleware\\VerifyCsrfToken->handle(Object(Illuminate\\Http\\Request), Object(Closure))
#24 C:\\Penyimpanan Utama\\Documnets\\XAMPP\\htdocs\\Laravel\\projek-01\\vendor\\laravel\\framework\\src\\Illuminate\\View\\Middleware\\ShareErrorsFromSession.php(49): Illuminate\\Pipeline\\Pipeline->Illuminate\\Pipeline\\{closure}(Object(Illuminate\\Http\\Request))
#25 C:\\Penyimpanan Utama\\Documnets\\XAMPP\\htdocs\\Laravel\\projek-01\\vendor\\laravel\\framework\\src\\Illuminate\\Pipeline\\Pipeline.php(183): Illuminate\\View\\Middleware\\ShareErrorsFromSession->handle(Object(Illuminate\\Http\\Request), Object(Closure))
#26 C:\\Penyimpanan Utama\\Documnets\\XAMPP\\htdocs\\Laravel\\projek-01\\vendor\\laravel\\framework\\src\\Illuminate\\Session\\Middleware\\StartSession.php(121): Illuminate\\Pipeline\\Pipeline->Illuminate\\Pipeline\\{closure}(Object(Illuminate\\Http\\Request))
#27 C:\\Penyimpanan Utama\\Documnets\\XAMPP\\htdocs\\Laravel\\projek-01\\vendor\\laravel\\framework\\src\\Illuminate\\Session\\Middleware\\StartSession.php(64): Illuminate\\Session\\Middleware\\StartSession->handleStatefulRequest(Object(Illuminate\\Http\\Request), Object(Illuminate\\Session\\Store), Object(Closure))
#28 C:\\Penyimpanan Utama\\Documnets\\XAMPP\\htdocs\\Laravel\\projek-01\\vendor\\laravel\\framework\\src\\Illuminate\\Pipeline\\Pipeline.php(183): Illuminate\\Session\\Middleware\\StartSession->handle(Object(Illuminate\\Http\\Request), Object(Closure))
#29 C:\\Penyimpanan Utama\\Documnets\\XAMPP\\htdocs\\Laravel\\projek-01\\vendor\\laravel\\framework\\src\\Illuminate\\Cookie\\Middleware\\AddQueuedCookiesToResponse.php(37): Illuminate\\Pipeline\\Pipeline->Illuminate\\Pipeline\\{closure}(Object(Illuminate\\Http\\Request))
#30 C:\\Penyimpanan Utama\\Documnets\\XAMPP\\htdocs\\Laravel\\projek-01\\vendor\\laravel\\framework\\src\\Illuminate\\Pipeline\\Pipeline.php(183): Illuminate\\Cookie\\Middleware\\AddQueuedCookiesToResponse->handle(Object(Illuminate\\Http\\Request), Object(Closure))
#31 C:\\Penyimpanan Utama\\Documnets\\XAMPP\\htdocs\\Laravel\\projek-01\\vendor\\laravel\\framework\\src\\Illuminate\\Cookie\\Middleware\\EncryptCookies.php(67): Illuminate\\Pipeline\\Pipeline->Illuminate\\Pipeline\\{closure}(Object(Illuminate\\Http\\Request))
#32 C:\\Penyimpanan Utama\\Documnets\\XAMPP\\htdocs\\Laravel\\projek-01\\vendor\\laravel\\framework\\src\\Illuminate\\Pipeline\\Pipeline.php(183): Illuminate\\Cookie\\Middleware\\EncryptCookies->handle(Object(Illuminate\\Http\\Request), Object(Closure))
#33 C:\\Penyimpanan Utama\\Documnets\\XAMPP\\htdocs\\Laravel\\projek-01\\vendor\\laravel\\framework\\src\\Illuminate\\Pipeline\\Pipeline.php(119): Illuminate\\Pipeline\\Pipeline->Illuminate\\Pipeline\\{closure}(Object(Illuminate\\Http\\Request))
#34 C:\\Penyimpanan Utama\\Documnets\\XAMPP\\htdocs\\Laravel\\projek-01\\vendor\\laravel\\framework\\src\\Illuminate\\Routing\\Router.php(805): Illuminate\\Pipeline\\Pipeline->then(Object(Closure))
#35 C:\\Penyimpanan Utama\\Documnets\\XAMPP\\htdocs\\Laravel\\projek-01\\vendor\\laravel\\framework\\src\\Illuminate\\Routing\\Router.php(784): Illuminate\\Routing\\Router->runRouteWithinStack(Object(Illuminate\\Routing\\Route), Object(Illuminate\\Http\\Request))
#36 C:\\Penyimpanan Utama\\Documnets\\XAMPP\\htdocs\\Laravel\\projek-01\\vendor\\laravel\\framework\\src\\Illuminate\\Routing\\Router.php(748): Illuminate\\Routing\\Router->runRoute(Object(Illuminate\\Http\\Request), Object(Illuminate\\Routing\\Route))
#37 C:\\Penyimpanan Utama\\Documnets\\XAMPP\\htdocs\\Laravel\\projek-01\\vendor\\laravel\\framework\\src\\Illuminate\\Routing\\Router.php(737): Illuminate\\Routing\\Router->dispatchToRoute(Object(Illuminate\\Http\\Request))
#38 C:\\Penyimpanan Utama\\Documnets\\XAMPP\\htdocs\\Laravel\\projek-01\\vendor\\laravel\\framework\\src\\Illuminate\\Foundation\\Http\\Kernel.php(200): Illuminate\\Routing\\Router->dispatch(Object(Illuminate\\Http\\Request))
#39 C:\\Penyimpanan Utama\\Documnets\\XAMPP\\htdocs\\Laravel\\projek-01\\vendor\\laravel\\framework\\src\\Illuminate\\Pipeline\\Pipeline.php(144): Illuminate\\Foundation\\Http\\Kernel->Illuminate\\Foundation\\Http\\{closure}(Object(Illuminate\\Http\\Request))
#40 C:\\Penyimpanan Utama\\Documnets\\XAMPP\\htdocs\\Laravel\\projek-01\\vendor\\laravel\\framework\\src\\Illuminate\\Foundation\\Http\\Middleware\\TransformsRequest.php(21): Illuminate\\Pipeline\\Pipeline->Illuminate\\Pipeline\\{closure}(Object(Illuminate\\Http\\Request))
#41 C:\\Penyimpanan Utama\\Documnets\\XAMPP\\htdocs\\Laravel\\projek-01\\vendor\\laravel\\framework\\src\\Illuminate\\Foundation\\Http\\Middleware\\ConvertEmptyStringsToNull.php(31): Illuminate\\Foundation\\Http\\Middleware\\TransformsRequest->handle(Object(Illuminate\\Http\\Request), Object(Closure))
#42 C:\\Penyimpanan Utama\\Documnets\\XAMPP\\htdocs\\Laravel\\projek-01\\vendor\\laravel\\framework\\src\\Illuminate\\Pipeline\\Pipeline.php(183): Illuminate\\Foundation\\Http\\Middleware\\ConvertEmptyStringsToNull->handle(Object(Illuminate\\Http\\Request), Object(Closure))
#43 C:\\Penyimpanan Utama\\Documnets\\XAMPP\\htdocs\\Laravel\\projek-01\\vendor\\laravel\\framework\\src\\Illuminate\\Foundation\\Http\\Middleware\\TransformsRequest.php(21): Illuminate\\Pipeline\\Pipeline->Illuminate\\Pipeline\\{closure}(Object(Illuminate\\Http\\Request))
#44 C:\\Penyimpanan Utama\\Documnets\\XAMPP\\htdocs\\Laravel\\projek-01\\vendor\\laravel\\framework\\src\\Illuminate\\Foundation\\Http\\Middleware\\TrimStrings.php(40): Illuminate\\Foundation\\Http\\Middleware\\TransformsRequest->handle(Object(Illuminate\\Http\\Request), Object(Closure))
#45 C:\\Penyimpanan Utama\\Documnets\\XAMPP\\htdocs\\Laravel\\projek-01\\vendor\\laravel\\framework\\src\\Illuminate\\Pipeline\\Pipeline.php(183): Illuminate\\Foundation\\Http\\Middleware\\TrimStrings->handle(Object(Illuminate\\Http\\Request), Object(Closure))
#46 C:\\Penyimpanan Utama\\Documnets\\XAMPP\\htdocs\\Laravel\\projek-01\\vendor\\laravel\\framework\\src\\Illuminate\\Foundation\\Http\\Middleware\\ValidatePostSize.php(27): Illuminate\\Pipeline\\Pipeline->Illuminate\\Pipeline\\{closure}(Object(Illuminate\\Http\\Request))
#47 C:\\Penyimpanan Utama\\Documnets\\XAMPP\\htdocs\\Laravel\\projek-01\\vendor\\laravel\\framework\\src\\Illuminate\\Pipeline\\Pipeline.php(183): Illuminate\\Foundation\\Http\\Middleware\\ValidatePostSize->handle(Object(Illuminate\\Http\\Request), Object(Closure))
#48 C:\\Penyimpanan Utama\\Documnets\\XAMPP\\htdocs\\Laravel\\projek-01\\vendor\\laravel\\framework\\src\\Illuminate\\Foundation\\Http\\Middleware\\PreventRequestsDuringMaintenance.php(99): Illuminate\\Pipeline\\Pipeline->Illuminate\\Pipeline\\{closure}(Object(Illuminate\\Http\\Request))
#49 C:\\Penyimpanan Utama\\Documnets\\XAMPP\\htdocs\\Laravel\\projek-01\\vendor\\laravel\\framework\\src\\Illuminate\\Pipeline\\Pipeline.php(183): Illuminate\\Foundation\\Http\\Middleware\\PreventRequestsDuringMaintenance->handle(Object(Illuminate\\Http\\Request), Object(Closure))
#50 C:\\Penyimpanan Utama\\Documnets\\XAMPP\\htdocs\\Laravel\\projek-01\\vendor\\laravel\\framework\\src\\Illuminate\\Http\\Middleware\\HandleCors.php(49): Illuminate\\Pipeline\\Pipeline->Illuminate\\Pipeline\\{closure}(Object(Illuminate\\Http\\Request))
#51 C:\\Penyimpanan Utama\\Documnets\\XAMPP\\htdocs\\Laravel\\projek-01\\vendor\\laravel\\framework\\src\\Illuminate\\Pipeline\\Pipeline.php(183): Illuminate\\Http\\Middleware\\HandleCors->handle(Object(Illuminate\\Http\\Request), Object(Closure))
#52 C:\\Penyimpanan Utama\\Documnets\\XAMPP\\htdocs\\Laravel\\projek-01\\vendor\\laravel\\framework\\src\\Illuminate\\Http\\Middleware\\TrustProxies.php(39): Illuminate\\Pipeline\\Pipeline->Illuminate\\Pipeline\\{closure}(Object(Illuminate\\Http\\Request))
#53 C:\\Penyimpanan Utama\\Documnets\\XAMPP\\htdocs\\Laravel\\projek-01\\vendor\\laravel\\framework\\src\\Illuminate\\Pipeline\\Pipeline.php(183): Illuminate\\Http\\Middleware\\TrustProxies->handle(Object(Illuminate\\Http\\Request), Object(Closure))
#54 C:\\Penyimpanan Utama\\Documnets\\XAMPP\\htdocs\\Laravel\\projek-01\\vendor\\laravel\\framework\\src\\Illuminate\\Pipeline\\Pipeline.php(119): Illuminate\\Pipeline\\Pipeline->Illuminate\\Pipeline\\{closure}(Object(Illuminate\\Http\\Request))
#55 C:\\Penyimpanan Utama\\Documnets\\XAMPP\\htdocs\\Laravel\\projek-01\\vendor\\laravel\\framework\\src\\Illuminate\\Foundation\\Http\\Kernel.php(175): Illuminate\\Pipeline\\Pipeline->then(Object(Closure))
#56 C:\\Penyimpanan Utama\\Documnets\\XAMPP\\htdocs\\Laravel\\projek-01\\vendor\\laravel\\framework\\src\\Illuminate\\Foundation\\Http\\Kernel.php(144): Illuminate\\Foundation\\Http\\Kernel->sendRequestThroughRouter(Object(Illuminate\\Http\\Request))
#57 C:\\Penyimpanan Utama\\Documnets\\XAMPP\\htdocs\\Laravel\\projek-01\\public\\index.php(51): Illuminate\\Foundation\\Http\\Kernel->handle(Object(Illuminate\\Http\\Request))
#58 C:\\Penyimpanan Utama\\Documnets\\XAMPP\\htdocs\\Laravel\\projek-01\\vendor\\laravel\\framework\\src\\Illuminate\\Foundation\\resources\\server.php(16): require_once('C:\\\\Penyimpanan ...')
#59 {main}

[previous exception] [object] (ErrorException(code: 0): Undefined variable $name at C:\\Penyimpanan Utama\\Documnets\\XAMPP\\htdocs\\Laravel\\projek-01\\storage\\framework\\views\\b5a48e2e2556a14a3dfd82e89c0fc65e.php:13)
[stacktrace]
#0 C:\\Penyimpanan Utama\\Documnets\\XAMPP\\htdocs\\Laravel\\projek-01\\vendor\\laravel\\framework\\src\\Illuminate\\Foundation\\Bootstrap\\HandleExceptions.php(255): Illuminate\\Foundation\\Bootstrap\\HandleExceptions->handleError(2, 'Undefined varia...', 'C:\\\\Penyimpanan ...', 13)
#1 C:\\Penyimpanan Utama\\Documnets\\XAMPP\\htdocs\\Laravel\\projek-01\\storage\\framework\\views\\b5a48e2e2556a14a3dfd82e89c0fc65e.php(13): Illuminate\\Foundation\\Bootstrap\\HandleExceptions->Illuminate\\Foundation\\Bootstrap\\{closure}(2, 'Undefined varia...', 'C:\\\\Penyimpanan ...', 13)
#2 C:\\Penyimpanan Utama\\Documnets\\XAMPP\\htdocs\\Laravel\\projek-01\\vendor\\laravel\\framework\\src\\Illuminate\\Filesystem\\Filesystem.php(123): require('C:\\\\Penyimpanan ...')
#3 C:\\Penyimpanan Utama\\Documnets\\XAMPP\\htdocs\\Laravel\\projek-01\\vendor\\laravel\\framework\\src\\Illuminate\\Filesystem\\Filesystem.php(124): Illuminate\\Filesystem\\Filesystem::Illuminate\\Filesystem\\{closure}()
#4 C:\\Penyimpanan Utama\\Documnets\\XAMPP\\htdocs\\Laravel\\projek-01\\vendor\\laravel\\framework\\src\\Illuminate\\View\\Engines\\PhpEngine.php(58): Illuminate\\Filesystem\\Filesystem->getRequire('C:\\\\Penyimpanan ...', Array)
#5 C:\\Penyimpanan Utama\\Documnets\\XAMPP\\htdocs\\Laravel\\projek-01\\vendor\\laravel\\framework\\src\\Illuminate\\View\\Engines\\CompilerEngine.php(72): Illuminate\\View\\Engines\\PhpEngine->evaluatePath('C:\\\\Penyimpanan ...', Array)
#6 C:\\Penyimpanan Utama\\Documnets\\XAMPP\\htdocs\\Laravel\\projek-01\\vendor\\laravel\\framework\\src\\Illuminate\\View\\View.php(207): Illuminate\\View\\Engines\\CompilerEngine->get('C:\\\\Penyimpanan ...', Array)
#7 C:\\Penyimpanan Utama\\Documnets\\XAMPP\\htdocs\\Laravel\\projek-01\\vendor\\laravel\\framework\\src\\Illuminate\\View\\View.php(190): Illuminate\\View\\View->getContents()
#8 C:\\Penyimpanan Utama\\Documnets\\XAMPP\\htdocs\\Laravel\\projek-01\\vendor\\laravel\\framework\\src\\Illuminate\\View\\View.php(159): Illuminate\\View\\View->renderContents()
#9 C:\\Penyimpanan Utama\\Documnets\\XAMPP\\htdocs\\Laravel\\projek-01\\vendor\\laravel\\framework\\src\\Illuminate\\Http\\Response.php(69): Illuminate\\View\\View->render()
#10 C:\\Penyimpanan Utama\\Documnets\\XAMPP\\htdocs\\Laravel\\projek-01\\vendor\\laravel\\framework\\src\\Illuminate\\Http\\Response.php(35): Illuminate\\Http\\Response->setContent(Object(Illuminate\\View\\View))
#11 C:\\Penyimpanan Utama\\Documnets\\XAMPP\\htdocs\\Laravel\\projek-01\\vendor\\laravel\\framework\\src\\Illuminate\\Routing\\ResponseFactory.php(58): Illuminate\\Http\\Response->__construct(Object(Illuminate\\View\\View), 200, Array)
#12 C:\\Penyimpanan Utama\\Documnets\\XAMPP\\htdocs\\Laravel\\projek-01\\vendor\\laravel\\framework\\src\\Illuminate\\Routing\\ResponseFactory.php(88): Illuminate\\Routing\\ResponseFactory->make(Object(Illuminate\\View\\View), 200, Array)
#13 C:\\Penyimpanan Utama\\Documnets\\XAMPP\\htdocs\\Laravel\\projek-01\\vendor\\laravel\\framework\\src\\Illuminate\\Routing\\ViewController.php(41): Illuminate\\Routing\\ResponseFactory->view('view_route', Array, 200, Array)
#14 C:\\Penyimpanan Utama\\Documnets\\XAMPP\\htdocs\\Laravel\\projek-01\\vendor\\laravel\\framework\\src\\Illuminate\\Routing\\ViewController.php(58): Illuminate\\Routing\\ViewController->__invoke(view: 'view_route', data: Array, status: 200, headers: Array)
#15 C:\\Penyimpanan Utama\\Documnets\\XAMPP\\htdocs\\Laravel\\projek-01\\vendor\\laravel\\framework\\src\\Illuminate\\Routing\\ControllerDispatcher.php(43): Illuminate\\Routing\\ViewController->callAction('__invoke', Array)
#16 C:\\Penyimpanan Utama\\Documnets\\XAMPP\\htdocs\\Laravel\\projek-01\\vendor\\laravel\\framework\\src\\Illuminate\\Routing\\Route.php(259): Illuminate\\Routing\\ControllerDispatcher->dispatch(Object(Illuminate\\Routing\\Route), Object(Illuminate\\Routing\\ViewController), '__invoke')
#17 C:\\Penyimpanan Utama\\Documnets\\XAMPP\\htdocs\\Laravel\\projek-01\\vendor\\laravel\\framework\\src\\Illuminate\\Routing\\Route.php(205): Illuminate\\Routing\\Route->runController()
#18 C:\\Penyimpanan Utama\\Documnets\\XAMPP\\htdocs\\Laravel\\projek-01\\vendor\\laravel\\framework\\src\\Illuminate\\Routing\\Router.php(806): Illuminate\\Routing\\Route->run()
#19 C:\\Penyimpanan Utama\\Documnets\\XAMPP\\htdocs\\Laravel\\projek-01\\vendor\\laravel\\framework\\src\\Illuminate\\Pipeline\\Pipeline.php(144): Illuminate\\Routing\\Router->Illuminate\\Routing\\{closure}(Object(Illuminate\\Http\\Request))
#20 C:\\Penyimpanan Utama\\Documnets\\XAMPP\\htdocs\\Laravel\\projek-01\\vendor\\laravel\\framework\\src\\Illuminate\\Routing\\Middleware\\SubstituteBindings.php(50): Illuminate\\Pipeline\\Pipeline->Illuminate\\Pipeline\\{closure}(Object(Illuminate\\Http\\Request))
#21 C:\\Penyimpanan Utama\\Documnets\\XAMPP\\htdocs\\Laravel\\projek-01\\vendor\\laravel\\framework\\src\\Illuminate\\Pipeline\\Pipeline.php(183): Illuminate\\Routing\\Middleware\\SubstituteBindings->handle(Object(Illuminate\\Http\\Request), Object(Closure))
#22 C:\\Penyimpanan Utama\\Documnets\\XAMPP\\htdocs\\Laravel\\projek-01\\vendor\\laravel\\framework\\src\\Illuminate\\Foundation\\Http\\Middleware\\VerifyCsrfToken.php(78): Illuminate\\Pipeline\\Pipeline->Illuminate\\Pipeline\\{closure}(Object(Illuminate\\Http\\Request))
#23 C:\\Penyimpanan Utama\\Documnets\\XAMPP\\htdocs\\Laravel\\projek-01\\vendor\\laravel\\framework\\src\\Illuminate\\Pipeline\\Pipeline.php(183): Illuminate\\Foundation\\Http\\Middleware\\VerifyCsrfToken->handle(Object(Illuminate\\Http\\Request), Object(Closure))
#24 C:\\Penyimpanan Utama\\Documnets\\XAMPP\\htdocs\\Laravel\\projek-01\\vendor\\laravel\\framework\\src\\Illuminate\\View\\Middleware\\ShareErrorsFromSession.php(49): Illuminate\\Pipeline\\Pipeline->Illuminate\\Pipeline\\{closure}(Object(Illuminate\\Http\\Request))
#25 C:\\Penyimpanan Utama\\Documnets\\XAMPP\\htdocs\\Laravel\\projek-01\\vendor\\laravel\\framework\\src\\Illuminate\\Pipeline\\Pipeline.php(183): Illuminate\\View\\Middleware\\ShareErrorsFromSession->handle(Object(Illuminate\\Http\\Request), Object(Closure))
#26 C:\\Penyimpanan Utama\\Documnets\\XAMPP\\htdocs\\Laravel\\projek-01\\vendor\\laravel\\framework\\src\\Illuminate\\Session\\Middleware\\StartSession.php(121): Illuminate\\Pipeline\\Pipeline->Illuminate\\Pipeline\\{closure}(Object(Illuminate\\Http\\Request))
#27 C:\\Penyimpanan Utama\\Documnets\\XAMPP\\htdocs\\Laravel\\projek-01\\vendor\\laravel\\framework\\src\\Illuminate\\Session\\Middleware\\StartSession.php(64): Illuminate\\Session\\Middleware\\StartSession->handleStatefulRequest(Object(Illuminate\\Http\\Request), Object(Illuminate\\Session\\Store), Object(Closure))
#28 C:\\Penyimpanan Utama\\Documnets\\XAMPP\\htdocs\\Laravel\\projek-01\\vendor\\laravel\\framework\\src\\Illuminate\\Pipeline\\Pipeline.php(183): Illuminate\\Session\\Middleware\\StartSession->handle(Object(Illuminate\\Http\\Request), Object(Closure))
#29 C:\\Penyimpanan Utama\\Documnets\\XAMPP\\htdocs\\Laravel\\projek-01\\vendor\\laravel\\framework\\src\\Illuminate\\Cookie\\Middleware\\AddQueuedCookiesToResponse.php(37): Illuminate\\Pipeline\\Pipeline->Illuminate\\Pipeline\\{closure}(Object(Illuminate\\Http\\Request))
#30 C:\\Penyimpanan Utama\\Documnets\\XAMPP\\htdocs\\Laravel\\projek-01\\vendor\\laravel\\framework\\src\\Illuminate\\Pipeline\\Pipeline.php(183): Illuminate\\Cookie\\Middleware\\AddQueuedCookiesToResponse->handle(Object(Illuminate\\Http\\Request), Object(Closure))
#31 C:\\Penyimpanan Utama\\Documnets\\XAMPP\\htdocs\\Laravel\\projek-01\\vendor\\laravel\\framework\\src\\Illuminate\\Cookie\\Middleware\\EncryptCookies.php(67): Illuminate\\Pipeline\\Pipeline->Illuminate\\Pipeline\\{closure}(Object(Illuminate\\Http\\Request))
#32 C:\\Penyimpanan Utama\\Documnets\\XAMPP\\htdocs\\Laravel\\projek-01\\vendor\\laravel\\framework\\src\\Illuminate\\Pipeline\\Pipeline.php(183): Illuminate\\Cookie\\Middleware\\EncryptCookies->handle(Object(Illuminate\\Http\\Request), Object(Closure))
#33 C:\\Penyimpanan Utama\\Documnets\\XAMPP\\htdocs\\Laravel\\projek-01\\vendor\\laravel\\framework\\src\\Illuminate\\Pipeline\\Pipeline.php(119): Illuminate\\Pipeline\\Pipeline->Illuminate\\Pipeline\\{closure}(Object(Illuminate\\Http\\Request))
#34 C:\\Penyimpanan Utama\\Documnets\\XAMPP\\htdocs\\Laravel\\projek-01\\vendor\\laravel\\framework\\src\\Illuminate\\Routing\\Router.php(805): Illuminate\\Pipeline\\Pipeline->then(Object(Closure))
#35 C:\\Penyimpanan Utama\\Documnets\\XAMPP\\htdocs\\Laravel\\projek-01\\vendor\\laravel\\framework\\src\\Illuminate\\Routing\\Router.php(784): Illuminate\\Routing\\Router->runRouteWithinStack(Object(Illuminate\\Routing\\Route), Object(Illuminate\\Http\\Request))
#36 C:\\Penyimpanan Utama\\Documnets\\XAMPP\\htdocs\\Laravel\\projek-01\\vendor\\laravel\\framework\\src\\Illuminate\\Routing\\Router.php(748): Illuminate\\Routing\\Router->runRoute(Object(Illuminate\\Http\\Request), Object(Illuminate\\Routing\\Route))
#37 C:\\Penyimpanan Utama\\Documnets\\XAMPP\\htdocs\\Laravel\\projek-01\\vendor\\laravel\\framework\\src\\Illuminate\\Routing\\Router.php(737): Illuminate\\Routing\\Router->dispatchToRoute(Object(Illuminate\\Http\\Request))
#38 C:\\Penyimpanan Utama\\Documnets\\XAMPP\\htdocs\\Laravel\\projek-01\\vendor\\laravel\\framework\\src\\Illuminate\\Foundation\\Http\\Kernel.php(200): Illuminate\\Routing\\Router->dispatch(Object(Illuminate\\Http\\Request))
#39 C:\\Penyimpanan Utama\\Documnets\\XAMPP\\htdocs\\Laravel\\projek-01\\vendor\\laravel\\framework\\src\\Illuminate\\Pipeline\\Pipeline.php(144): Illuminate\\Foundation\\Http\\Kernel->Illuminate\\Foundation\\Http\\{closure}(Object(Illuminate\\Http\\Request))
#40 C:\\Penyimpanan Utama\\Documnets\\XAMPP\\htdocs\\Laravel\\projek-01\\vendor\\laravel\\framework\\src\\Illuminate\\Foundation\\Http\\Middleware\\TransformsRequest.php(21): Illuminate\\Pipeline\\Pipeline->Illuminate\\Pipeline\\{closure}(Object(Illuminate\\Http\\Request))
#41 C:\\Penyimpanan Utama\\Documnets\\XAMPP\\htdocs\\Laravel\\projek-01\\vendor\\laravel\\framework\\src\\Illuminate\\Foundation\\Http\\Middleware\\ConvertEmptyStringsToNull.php(31): Illuminate\\Foundation\\Http\\Middleware\\TransformsRequest->handle(Object(Illuminate\\Http\\Request), Object(Closure))
#42 C:\\Penyimpanan Utama\\Documnets\\XAMPP\\htdocs\\Laravel\\projek-01\\vendor\\laravel\\framework\\src\\Illuminate\\Pipeline\\Pipeline.php(183): Illuminate\\Foundation\\Http\\Middleware\\ConvertEmptyStringsToNull->handle(Object(Illuminate\\Http\\Request), Object(Closure))
#43 C:\\Penyimpanan Utama\\Documnets\\XAMPP\\htdocs\\Laravel\\projek-01\\vendor\\laravel\\framework\\src\\Illuminate\\Foundation\\Http\\Middleware\\TransformsRequest.php(21): Illuminate\\Pipeline\\Pipeline->Illuminate\\Pipeline\\{closure}(Object(Illuminate\\Http\\Request))
#44 C:\\Penyimpanan Utama\\Documnets\\XAMPP\\htdocs\\Laravel\\projek-01\\vendor\\laravel\\framework\\src\\Illuminate\\Foundation\\Http\\Middleware\\TrimStrings.php(40): Illuminate\\Foundation\\Http\\Middleware\\TransformsRequest->handle(Object(Illuminate\\Http\\Request), Object(Closure))
#45 C:\\Penyimpanan Utama\\Documnets\\XAMPP\\htdocs\\Laravel\\projek-01\\vendor\\laravel\\framework\\src\\Illuminate\\Pipeline\\Pipeline.php(183): Illuminate\\Foundation\\Http\\Middleware\\TrimStrings->handle(Object(Illuminate\\Http\\Request), Object(Closure))
#46 C:\\Penyimpanan Utama\\Documnets\\XAMPP\\htdocs\\Laravel\\projek-01\\vendor\\laravel\\framework\\src\\Illuminate\\Foundation\\Http\\Middleware\\ValidatePostSize.php(27): Illuminate\\Pipeline\\Pipeline->Illuminate\\Pipeline\\{closure}(Object(Illuminate\\Http\\Request))
#47 C:\\Penyimpanan Utama\\Documnets\\XAMPP\\htdocs\\Laravel\\projek-01\\vendor\\laravel\\framework\\src\\Illuminate\\Pipeline\\Pipeline.php(183): Illuminate\\Foundation\\Http\\Middleware\\ValidatePostSize->handle(Object(Illuminate\\Http\\Request), Object(Closure))
#48 C:\\Penyimpanan Utama\\Documnets\\XAMPP\\htdocs\\Laravel\\projek-01\\vendor\\laravel\\framework\\src\\Illuminate\\Foundation\\Http\\Middleware\\PreventRequestsDuringMaintenance.php(99): Illuminate\\Pipeline\\Pipeline->Illuminate\\Pipeline\\{closure}(Object(Illuminate\\Http\\Request))
#49 C:\\Penyimpanan Utama\\Documnets\\XAMPP\\htdocs\\Laravel\\projek-01\\vendor\\laravel\\framework\\src\\Illuminate\\Pipeline\\Pipeline.php(183): Illuminate\\Foundation\\Http\\Middleware\\PreventRequestsDuringMaintenance->handle(Object(Illuminate\\Http\\Request), Object(Closure))
#50 C:\\Penyimpanan Utama\\Documnets\\XAMPP\\htdocs\\Laravel\\projek-01\\vendor\\laravel\\framework\\src\\Illuminate\\Http\\Middleware\\HandleCors.php(49): Illuminate\\Pipeline\\Pipeline->Illuminate\\Pipeline\\{closure}(Object(Illuminate\\Http\\Request))
#51 C:\\Penyimpanan Utama\\Documnets\\XAMPP\\htdocs\\Laravel\\projek-01\\vendor\\laravel\\framework\\src\\Illuminate\\Pipeline\\Pipeline.php(183): Illuminate\\Http\\Middleware\\HandleCors->handle(Object(Illuminate\\Http\\Request), Object(Closure))
#52 C:\\Penyimpanan Utama\\Documnets\\XAMPP\\htdocs\\Laravel\\projek-01\\vendor\\laravel\\framework\\src\\Illuminate\\Http\\Middleware\\TrustProxies.php(39): Illuminate\\Pipeline\\Pipeline->Illuminate\\Pipeline\\{closure}(Object(Illuminate\\Http\\Request))
#53 C:\\Penyimpanan Utama\\Documnets\\XAMPP\\htdocs\\Laravel\\projek-01\\vendor\\laravel\\framework\\src\\Illuminate\\Pipeline\\Pipeline.php(183): Illuminate\\Http\\Middleware\\TrustProxies->handle(Object(Illuminate\\Http\\Request), Object(Closure))
#54 C:\\Penyimpanan Utama\\Documnets\\XAMPP\\htdocs\\Laravel\\projek-01\\vendor\\laravel\\framework\\src\\Illuminate\\Pipeline\\Pipeline.php(119): Illuminate\\Pipeline\\Pipeline->Illuminate\\Pipeline\\{closure}(Object(Illuminate\\Http\\Request))
#55 C:\\Penyimpanan Utama\\Documnets\\XAMPP\\htdocs\\Laravel\\projek-01\\vendor\\laravel\\framework\\src\\Illuminate\\Foundation\\Http\\Kernel.php(175): Illuminate\\Pipeline\\Pipeline->then(Object(Closure))
#56 C:\\Penyimpanan Utama\\Documnets\\XAMPP\\htdocs\\Laravel\\projek-01\\vendor\\laravel\\framework\\src\\Illuminate\\Foundation\\Http\\Kernel.php(144): Illuminate\\Foundation\\Http\\Kernel->sendRequestThroughRouter(Object(Illuminate\\Http\\Request))
#57 C:\\Penyimpanan Utama\\Documnets\\XAMPP\\htdocs\\Laravel\\projek-01\\public\\index.php(51): Illuminate\\Foundation\\Http\\Kernel->handle(Object(Illuminate\\Http\\Request))
#58 C:\\Penyimpanan Utama\\Documnets\\XAMPP\\htdocs\\Laravel\\projek-01\\vendor\\laravel\\framework\\src\\Illuminate\\Foundation\\resources\\server.php(16): require_once('C:\\\\Penyimpanan ...')
#59 {main}
"} 
